<?xml version="1.0" encoding="UTF-8"?>
<!-- Generated by org.testng.reporters.JUnitReportReporter -->
<testsuite hostname="DESKTOP-24V1VQ8" failures="0" tests="4" name="com.sgtesting.tests.Users" time="0.011" errors="0" timestamp="2023-04-11T12:32:23 IST" skipped="0">
  <testcase classname="com.sgtesting.tests.Users" name="method4" time="0.003"/>
  <system-out/>
  <testcase classname="com.sgtesting.tests.Users" name="method2" time="0.001"/>
  <system-out/>
  <testcase classname="com.sgtesting.tests.Users" name="method3" time="0.001"/>
  <system-out/>
  <testcase classname="com.sgtesting.tests.Users" name="method1" time="0.006"/>
  <system-out/>
</testsuite> <!-- com.sgtesting.tests.Users -->
