<?xml version="1.0" encoding="UTF-8"?>
<!-- Generated by org.testng.reporters.JUnitReportReporter -->
<testsuite hostname="DESKTOP-24V1VQ8" failures="0" tests="7" name="com.sgtesting.vaniproject.vanivalidation2" time="31.676" errors="0" timestamp="2023-03-31T07:56:16 IST" skipped="0">
  <testcase classname="com.sgtesting.vaniproject.vanivalidation2" name="launch" time="4.464"/>
  <system-out/>
  <testcase classname="com.sgtesting.vaniproject.vanivalidation2" name="navigate" time="3.462"/>
  <system-out/>
  <testcase classname="com.sgtesting.vaniproject.vanivalidation2" name="login" time="4.387"/>
  <system-out/>
  <testcase classname="com.sgtesting.vaniproject.vanivalidation2" name="minimise" time="2.119"/>
  <system-out/>
  <testcase classname="com.sgtesting.vaniproject.vanivalidation2" name="customer" time="6.849"/>
  <system-out/>
  <testcase classname="com.sgtesting.vaniproject.vanivalidation2" name="deletecustomer" time="3.820"/>
  <system-out/>
  <testcase classname="com.sgtesting.vaniproject.vanivalidation2" name="Logout" time="6.575"/>
  <system-out/>
</testsuite> <!-- com.sgtesting.vaniproject.vanivalidation2 -->
