<?xml version="1.0" encoding="UTF-8"?>
<!-- Generated by org.testng.reporters.JUnitReportReporter -->
<testsuite hostname="DESKTOP-24V1VQ8" failures="0" tests="8" name="com.sgtesting.vaniproject.vaniassaivalidation1" time="29.927" errors="0" timestamp="2023-03-31T07:56:16 IST" skipped="0">
  <testcase classname="com.sgtesting.vaniproject.vaniassaivalidation1" name="launch" time="5.626"/>
  <system-out/>
  <testcase classname="com.sgtesting.vaniproject.vaniassaivalidation1" name="navigate" time="3.473"/>
  <system-out/>
  <testcase classname="com.sgtesting.vaniproject.vaniassaivalidation1" name="adminlogin" time="4.382"/>
  <system-out/>
  <testcase classname="com.sgtesting.vaniproject.vaniassaivalidation1" name="minimise" time="0.934"/>
  <system-out/>
  <testcase classname="com.sgtesting.vaniproject.vaniassaivalidation1" name="createuser" time="9.970"/>
  <system-out/>
  <testcase classname="com.sgtesting.vaniproject.vaniassaivalidation1" name="deleteuser" time="3.185"/>
  <system-out/>
  <testcase classname="com.sgtesting.vaniproject.vaniassaivalidation1" name="Logout" time="2.077"/>
  <system-out/>
  <testcase classname="com.sgtesting.vaniproject.vaniassaivalidation1" name="closeapp" time="0.280"/>
  <system-out/>
</testsuite> <!-- com.sgtesting.vaniproject.vaniassaivalidation1 -->
