<?xml version="1.0" encoding="UTF-8"?>
<!-- Generated by org.testng.reporters.JUnitReportReporter -->
<testsuite hostname="DESKTOP-24V1VQ8" failures="0" tests="5" name="com.sgtesting.vaniproject.VaniClass" time="16.612" errors="0" timestamp="2023-03-29T22:35:08 IST" skipped="0">
  <testcase classname="com.sgtesting.vaniproject.VaniClass" name="Launch" time="3.360"/>
  <system-out/>
  <testcase classname="com.sgtesting.vaniproject.VaniClass" name="Navigate" time="1.209"/>
  <system-out/>
  <testcase classname="com.sgtesting.vaniproject.VaniClass" name="adminlogin" time="5.152"/>
  <system-out/>
  <testcase classname="com.sgtesting.vaniproject.VaniClass" name="minimise" time="6.190"/>
  <system-out/>
  <testcase classname="com.sgtesting.vaniproject.VaniClass" name="logout" time="0.701"/>
  <system-out/>
</testsuite> <!-- com.sgtesting.vaniproject.VaniClass -->
