<?xml version="1.0" encoding="UTF-8"?>
<!-- Generated by org.testng.reporters.JUnitReportReporter -->
<testsuite hostname="DESKTOP-24V1VQ8" failures="0" tests="1" name="com.sgtesting.tests.Users" time="0.035" errors="0" timestamp="2023-04-06T13:15:24 IST" skipped="0">
  <testcase classname="com.sgtesting.tests.Users" name="method1" time="0.035"/>
  <system-out/>
</testsuite> <!-- com.sgtesting.tests.Users -->
