<?xml version="1.0" encoding="UTF-8"?>
<!-- Generated by org.testng.reporters.JUnitReportReporter -->
<testsuite hostname="DESKTOP-24V1VQ8" failures="0" tests="8" name="com.sgtesting.prototype.AssignmentPrototype2" time="36.553" errors="0" timestamp="2023-03-31T08:07:19 IST" skipped="0">
  <testcase classname="com.sgtesting.prototype.AssignmentPrototype2" name="launchbrowser" time="3.323"/>
  <system-out/>
  <testcase classname="com.sgtesting.prototype.AssignmentPrototype2" name="Navigate" time="2.954"/>
  <system-out/>
  <testcase classname="com.sgtesting.prototype.AssignmentPrototype2" name="adminLogin" time="8.443"/>
  <system-out/>
  <testcase classname="com.sgtesting.prototype.AssignmentPrototype2" name="Minimize" time="2.340"/>
  <system-out/>
  <testcase classname="com.sgtesting.prototype.AssignmentPrototype2" name="createuser" time="13.781"/>
  <system-out/>
  <testcase classname="com.sgtesting.prototype.AssignmentPrototype2" name="deleteuser" time="2.913"/>
  <system-out/>
  <testcase classname="com.sgtesting.prototype.AssignmentPrototype2" name="Logout" time="2.531"/>
  <system-out/>
  <testcase classname="com.sgtesting.prototype.AssignmentPrototype2" name="CloseAppln" time="0.268"/>
  <system-out/>
</testsuite> <!-- com.sgtesting.prototype.AssignmentPrototype2 -->
