<?xml version="1.0" encoding="UTF-8"?>
<!-- Generated by org.testng.reporters.JUnitReportReporter -->
<testsuite hostname="DESKTOP-24V1VQ8" failures="0" tests="6" name="com.sgtesting.prototype.AssignmentPrototype1" time="21.080" errors="0" timestamp="2023-03-31T23:40:23 IST" skipped="0">
  <testcase classname="com.sgtesting.prototype.AssignmentPrototype1" name="launchbrowser" time="4.872"/>
  <system-out/>
  <testcase classname="com.sgtesting.prototype.AssignmentPrototype1" name="Navigate" time="4.642"/>
  <system-out/>
  <testcase classname="com.sgtesting.prototype.AssignmentPrototype1" name="adminLogin" time="9.042"/>
  <system-out/>
  <testcase classname="com.sgtesting.prototype.AssignmentPrototype1" name="Minimize" time="1.291"/>
  <system-out/>
  <testcase classname="com.sgtesting.prototype.AssignmentPrototype1" name="Logout" time="1.224"/>
  <system-out/>
  <testcase classname="com.sgtesting.prototype.AssignmentPrototype1" name="CloseAppln" time="0.009"/>
  <system-out/>
</testsuite> <!-- com.sgtesting.prototype.AssignmentPrototype1 -->
