<?xml version="1.0" encoding="UTF-8"?>
<!-- Generated by org.testng.reporters.JUnitReportReporter -->
<testsuite hostname="DESKTOP-24V1VQ8" failures="0" tests="3" name="com.sgtesting.testngex.Products" time="0.009" errors="0" timestamp="2023-04-02T17:41:41 IST" skipped="0">
  <testcase classname="com.sgtesting.testngex.Products" name="createProduct" time="0.004"/>
  <system-out/>
  <testcase classname="com.sgtesting.testngex.Products" name="deleteProduct" time="0.004"/>
  <system-out/>
  <testcase classname="com.sgtesting.testngex.Products" name="modifyProduct" time="0.001"/>
  <system-out/>
</testsuite> <!-- com.sgtesting.testngex.Products -->
