<?xml version="1.0" encoding="UTF-8"?>
<!-- Generated by org.testng.reporters.JUnitReportReporter -->
<testsuite hostname="DESKTOP-24V1VQ8" failures="0" tests="9" name="com.sgtesting.prototype.AssignmentPrototype3" time="42.427" errors="0" timestamp="2023-03-31T08:07:19 IST" skipped="0">
  <testcase classname="com.sgtesting.prototype.AssignmentPrototype3" name="launchbrowser" time="1.665"/>
  <system-out/>
  <testcase classname="com.sgtesting.prototype.AssignmentPrototype3" name="Navigate" time="3.044"/>
  <system-out/>
  <testcase classname="com.sgtesting.prototype.AssignmentPrototype3" name="adminLogin" time="8.379"/>
  <system-out/>
  <testcase classname="com.sgtesting.prototype.AssignmentPrototype3" name="Minimize" time="2.282"/>
  <system-out/>
  <testcase classname="com.sgtesting.prototype.AssignmentPrototype3" name="createuser" time="14.891"/>
  <system-out/>
  <testcase classname="com.sgtesting.prototype.AssignmentPrototype3" name="modifyuser" time="6.142"/>
  <system-out/>
  <testcase classname="com.sgtesting.prototype.AssignmentPrototype3" name="deleteuser" time="3.175"/>
  <system-out/>
  <testcase classname="com.sgtesting.prototype.AssignmentPrototype3" name="Logout" time="2.586"/>
  <system-out/>
  <testcase classname="com.sgtesting.prototype.AssignmentPrototype3" name="CloseAppln" time="0.263"/>
  <system-out/>
</testsuite> <!-- com.sgtesting.prototype.AssignmentPrototype3 -->
