<?xml version="1.0" encoding="UTF-8"?>
<!-- Generated by org.testng.reporters.JUnitReportReporter -->
<testsuite hostname="DESKTOP-24V1VQ8" failures="0" tests="3" name="com.sgtesting.testng2ex.Users" time="0.015" errors="0" timestamp="2023-04-02T17:41:41 IST" skipped="0">
  <testcase classname="com.sgtesting.testng2ex.Users" name="createUser" time="0.008"/>
  <system-out/>
  <testcase classname="com.sgtesting.testng2ex.Users" name="modifyUser" time="0.004"/>
  <system-out/>
  <testcase classname="com.sgtesting.testng2ex.Users" name="deleteUser" time="0.003"/>
  <system-out/>
</testsuite> <!-- com.sgtesting.testng2ex.Users -->
