<?xml version="1.0" encoding="UTF-8"?>
<!-- Generated by org.testng.reporters.JUnitReportReporter -->
<testsuite hostname="DESKTOP-24V1VQ8" failures="0" tests="3" name="com.sgtesting.parameterization.Parameter2" time="0.046" errors="0" timestamp="2023-04-06T15:36:25 IST" skipped="0">
  <testcase classname="com.sgtesting.parameterization.Parameter2" name="modifyUser" time="0.013"/>
  <system-out/>
  <testcase classname="com.sgtesting.parameterization.Parameter2" name="createUser" time="0.025"/>
  <system-out/>
  <testcase classname="com.sgtesting.parameterization.Parameter2" name="deleteUser" time="0.008"/>
  <system-out/>
</testsuite> <!-- com.sgtesting.parameterization.Parameter2 -->
