<?xml version="1.0" encoding="UTF-8"?>
<!-- Generated by org.testng.reporters.JUnitReportReporter -->
<testsuite hostname="DESKTOP-24V1VQ8" failures="0" tests="8" name="com.sgtesting.prototype.AssignmentPrototype4" time="33.359" errors="0" timestamp="2023-03-31T08:07:19 IST" skipped="0">
  <testcase classname="com.sgtesting.prototype.AssignmentPrototype4" name="launchbrowser" time="1.450"/>
  <system-out/>
  <testcase classname="com.sgtesting.prototype.AssignmentPrototype4" name="Navigate" time="3.018"/>
  <system-out/>
  <testcase classname="com.sgtesting.prototype.AssignmentPrototype4" name="adminLogin" time="8.460"/>
  <system-out/>
  <testcase classname="com.sgtesting.prototype.AssignmentPrototype4" name="Minimize" time="2.249"/>
  <system-out/>
  <testcase classname="com.sgtesting.prototype.AssignmentPrototype4" name="createcustomer" time="8.474"/>
  <system-out/>
  <testcase classname="com.sgtesting.prototype.AssignmentPrototype4" name="deletecustomer" time="4.918"/>
  <system-out/>
  <testcase classname="com.sgtesting.prototype.AssignmentPrototype4" name="Logout" time="4.494"/>
  <system-out/>
  <testcase classname="com.sgtesting.prototype.AssignmentPrototype4" name="CloseAppln" time="0.296"/>
  <system-out/>
</testsuite> <!-- com.sgtesting.prototype.AssignmentPrototype4 -->
